C:\USERS\MASS\DESKTOP\BGI\DEBUG\BGIOUT.OBJ
C:\USERS\MASS\DESKTOP\BGI\DEBUG\DIBUTIL.OBJ
C:\USERS\MASS\DESKTOP\BGI\DEBUG\DRAWING.OBJ
C:\USERS\MASS\DESKTOP\BGI\DEBUG\FILE.OBJ
C:\USERS\MASS\DESKTOP\BGI\DEBUG\MAIN.OBJ
C:\USERS\MASS\DESKTOP\BGI\DEBUG\MISC.OBJ
C:\USERS\MASS\DESKTOP\BGI\DEBUG\MOUSE.OBJ
C:\USERS\MASS\DESKTOP\BGI\DEBUG\PALETTE.OBJ
C:\USERS\MASS\DESKTOP\BGI\DEBUG\TEXT.OBJ
C:\USERS\MASS\DESKTOP\BGI\DEBUG\WINBGI.OBJ
C:\USERS\MASS\DESKTOP\BGI\DEBUG\WINTHREAD.OBJ
C:\USERS\MASS\DESKTOP\BGI\DEBUG\VC100.PDB
D:\IPG\IPG\BGI\DEBUG\BGIOUT.OBJ
D:\IPG\IPG\BGI\DEBUG\DIBUTIL.OBJ
D:\IPG\IPG\BGI\DEBUG\DRAWING.OBJ
D:\IPG\IPG\BGI\DEBUG\FILE.OBJ
D:\IPG\IPG\BGI\DEBUG\MAIN.OBJ
D:\IPG\IPG\BGI\DEBUG\MISC.OBJ
D:\IPG\IPG\BGI\DEBUG\MOUSE.OBJ
D:\IPG\IPG\BGI\DEBUG\PALETTE.OBJ
D:\IPG\IPG\BGI\DEBUG\TEXT.OBJ
D:\IPG\IPG\BGI\DEBUG\WINBGI.OBJ
D:\IPG\IPG\BGI\DEBUG\WINTHREAD.OBJ
D:\IPG\IPG\BGI\DEBUG\VC110.PDB
C:\USERS\MASS\DESKTOP\BGI\DEBUG\BGI.ILK
C:\USERS\MASS\DESKTOP\BGI\DEBUG\BGI.EXE
C:\USERS\MASS\DESKTOP\BGI\DEBUG\BGI.EXE.INTERMEDIATE.MANIFEST
C:\USERS\MASS\DESKTOP\BGI\DEBUG\BGI.PDB
D:\IPG\IPG\bgi\Debug\bgiout.obj
D:\IPG\IPG\bgi\Debug\dibutil.obj
D:\IPG\IPG\bgi\Debug\drawing.obj
D:\IPG\IPG\bgi\Debug\file.obj
D:\IPG\IPG\bgi\Debug\main.obj
D:\IPG\IPG\bgi\Debug\misc.obj
D:\IPG\IPG\bgi\Debug\mouse.obj
D:\IPG\IPG\bgi\Debug\palette.obj
D:\IPG\IPG\bgi\Debug\text.obj
D:\IPG\IPG\bgi\Debug\winbgi.obj
D:\IPG\IPG\bgi\Debug\winthread.obj
D:\IPG\IPG\bgi\Debug\cl.command.1.tlog
D:\IPG\IPG\bgi\Debug\CL.read.1.tlog
D:\IPG\IPG\bgi\Debug\CL.write.1.tlog
D:\IPG\IPG\bgi\Debug\link-cvtres.read.1.tlog
D:\IPG\IPG\bgi\Debug\link-cvtres.write.1.tlog
D:\IPG\IPG\bgi\Debug\link-rc.read.1.tlog
D:\IPG\IPG\bgi\Debug\link-rc.write.1.tlog
D:\IPG\IPG\bgi\Debug\link.command.1.tlog
D:\IPG\IPG\bgi\Debug\link.read.1.tlog
D:\IPG\IPG\bgi\Debug\link.write.1.tlog
D:\IPG\IPG\bgi\Debug\mt.command.1.tlog
D:\IPG\IPG\bgi\Debug\mt.read.1.tlog
D:\IPG\IPG\bgi\Debug\mt.write.1.tlog
D:\IPG\IPG\bgi\Debug\bgi.exe.intermediate.manifest
D:\IPG\IPG\bgi\Debug\vc100.idb
D:\IPG\IPG\bgi\Debug\vc110.idb
D:\IPG\IPG\bgi\Debug\bgi.pdb
D:\IPG\IPG\bgi\Debug\vc100.pdb
D:\IPG\IPG\bgi\Debug\vc110.pdb
