D:\IPG\IPG\BGI\DEBUG\BGIOUT.OBJ
D:\IPG\IPG\BGI\DEBUG\DIBUTIL.OBJ
D:\IPG\IPG\BGI\DEBUG\DRAWING.OBJ
D:\IPG\IPG\BGI\DEBUG\FILE.OBJ
D:\IPG\IPG\BGI\DEBUG\MAIN.OBJ
D:\IPG\IPG\BGI\DEBUG\MISC.OBJ
D:\IPG\IPG\BGI\DEBUG\MOUSE.OBJ
D:\IPG\IPG\BGI\DEBUG\PALETTE.OBJ
D:\IPG\IPG\BGI\DEBUG\TEXT.OBJ
D:\IPG\IPG\BGI\DEBUG\WINBGI.OBJ
D:\IPG\IPG\BGI\DEBUG\WINTHREAD.OBJ
D:\IPG\IPG\BGI\DEBUG\VC110.PDB
D:\IPG\IPG\BGI\DEBUG\GLOBAL WARMING.ILK
D:\IPG\IPG\BGI\DEBUG\GLOBAL WARMING.EXE
D:\IPG\IPG\BGI\DEBUG\GLOBAL WARMING.PDB
D:\IPG\IPG\bgi\Debug\bgiout.obj
D:\IPG\IPG\bgi\Debug\dibutil.obj
D:\IPG\IPG\bgi\Debug\drawing.obj
D:\IPG\IPG\bgi\Debug\file.obj
D:\IPG\IPG\bgi\Debug\main.obj
D:\IPG\IPG\bgi\Debug\misc.obj
D:\IPG\IPG\bgi\Debug\mouse.obj
D:\IPG\IPG\bgi\Debug\palette.obj
D:\IPG\IPG\bgi\Debug\text.obj
D:\IPG\IPG\bgi\Debug\winbgi.obj
D:\IPG\IPG\bgi\Debug\winthread.obj
D:\IPG\IPG\bgi\Debug\Global Warming.ilk
D:\IPG\IPG\bgi\Debug\cl.command.1.tlog
D:\IPG\IPG\bgi\Debug\CL.read.1.tlog
D:\IPG\IPG\bgi\Debug\CL.write.1.tlog
D:\IPG\IPG\bgi\Debug\link-cvtres.read.1.tlog
D:\IPG\IPG\bgi\Debug\link-cvtres.write.1.tlog
D:\IPG\IPG\bgi\Debug\link-rc.read.1.tlog
D:\IPG\IPG\bgi\Debug\link-rc.write.1.tlog
D:\IPG\IPG\bgi\Debug\link.command.1.tlog
D:\IPG\IPG\bgi\Debug\link.read.1.tlog
D:\IPG\IPG\bgi\Debug\link.write.1.tlog
D:\IPG\IPG\bgi\Debug\vc110.idb
D:\IPG\IPG\bgi\Debug\Global Warming.pdb
D:\IPG\IPG\bgi\Debug\vc110.pdb
D:\IPG\IPG\bgi\Debug\Global Warming.exe
