Build started 12-11-2015 07:05:14 PM.
     1>Project "H:\ICAT college\L4 IPG(Hitesh Sathawane)\3. Final Demonstration\Gobal Warming Simulation Project File\Gobal Warming\bgi.vcxproj" on node 2 (Build target(s)).
     1>ClCompile:
         C:\Program Files (x86)\Microsoft Visual Studio 11.0\VC\bin\CL.exe /c /Zi /nologo /W3 /WX- /O2 /Oi /Oy- /GL /D _MBCS /Gm- /EHsc /MD /GS /Gy /fp:precise /Zc:wchar_t /Zc:forScope /Fo"Release\\" /Fd"Release\vc110.pdb" /FR"Release\\" /Gd /TP /analyze- /errorReport:prompt bgiout.cxx dibutil.cxx drawing.cxx file.cxx main.cpp misc.cxx mouse.cxx palette.cxx text.cxx winbgi.cxx winthread.cxx
         bgiout.cxx
         dibutil.cxx
         drawing.cxx
     1>drawing.cxx(819): warning C4101: 'tries' : unreferenced local variable
     1>drawing.cxx(859): warning C4101: 'answer' : unreferenced local variable
     1>drawing.cxx(1110): warning C4996: 'strcat': This function or variable may be unsafe. Consider using strcat_s instead. To disable deprecation, use _CRT_SECURE_NO_WARNINGS. See online help for details.
                 C:\Program Files (x86)\Microsoft Visual Studio 11.0\VC\include\string.h(115) : see declaration of 'strcat'
         file.cxx
         main.cpp
     1>main.cpp(54): warning C4244: 'argument' : conversion from 'double' to 'int', possible loss of data
     1>main.cpp(58): warning C4244: 'argument' : conversion from 'double' to 'int', possible loss of data
         misc.cxx
         mouse.cxx
         palette.cxx
         text.cxx
     1>text.cxx(348): warning C4018: '<' : signed/unsigned mismatch
         winbgi.cxx
     1>winbgi.cxx(81): warning C4800: 'BOOL' : forcing value to bool 'true' or 'false' (performance warning)
     1>winbgi.cxx(134): warning C4101: 'actual_color' : unreferenced local variable
     1>winbgi.cxx(133): warning C4101: 'bgi_color' : unreferenced local variable
     1>winbgi.cxx(494): warning C4996: 'sprintf': This function or variable may be unsafe. Consider using sprintf_s instead. To disable deprecation, use _CRT_SECURE_NO_WARNINGS. See online help for details.
                 C:\Program Files (x86)\Microsoft Visual Studio 11.0\VC\include\stdio.h(357) : see declaration of 'sprintf'
         winthread.cxx
     1>winthread.cxx(320): warning C4101: 'i' : unreferenced local variable
       Link:
         C:\Program Files (x86)\Microsoft Visual Studio 11.0\VC\bin\link.exe /ERRORREPORT:PROMPT /OUT:"H:\ICAT college\L4 IPG(Hitesh Sathawane)\3. Final Demonstration\Gobal Warming Simulation Project File\Gobal Warming\Release\Global Warming.exe" /NOLOGO winmm.lib kernel32.lib user32.lib gdi32.lib winspool.lib comdlg32.lib advapi32.lib shell32.lib ole32.lib oleaut32.lib uuid.lib odbc32.lib odbccp32.lib /MANIFEST /MANIFESTUAC:"level='asInvoker' uiAccess='false'" /manifest:embed /DEBUG /PDB:"H:\ICAT college\L4 IPG(Hitesh Sathawane)\3. Final Demonstration\Gobal Warming Simulation Project File\Gobal Warming\Release\Global Warming.pdb" /OPT:REF /OPT:ICF /LTCG /TLBID:1 /DYNAMICBASE /NXCOMPAT /IMPLIB:"H:\ICAT college\L4 IPG(Hitesh Sathawane)\3. Final Demonstration\Gobal Warming Simulation Project File\Gobal Warming\Release\Global Warming.lib" /MACHINE:X86 /SAFESEH Release\bgiout.obj
         Release\dibutil.obj
         Release\drawing.obj
         Release\file.obj
         Release\main.obj
         Release\misc.obj
         Release\mouse.obj
         Release\palette.obj
         Release\text.obj
         Release\winbgi.obj
         Release\winthread.obj
         Generating code
         Finished generating code
         bgi.vcxproj -> H:\ICAT college\L4 IPG(Hitesh Sathawane)\3. Final Demonstration\Gobal Warming Simulation Project File\Gobal Warming\Release\Global Warming.exe
       BscMake:
         C:\Program Files (x86)\Microsoft Visual Studio 11.0\VC\bin\bscmake.exe /nologo /o"H:\ICAT college\L4 IPG(Hitesh Sathawane)\3. Final Demonstration\Gobal Warming Simulation Project File\Gobal Warming\Release\Global Warming.bsc" /n Release\bgiout.sbr Release\dibutil.sbr Release\drawing.sbr Release\file.sbr Release\main.sbr Release\misc.sbr Release\mouse.sbr Release\palette.sbr Release\text.sbr Release\winbgi.sbr Release\winthread.sbr
     1>Done Building Project "H:\ICAT college\L4 IPG(Hitesh Sathawane)\3. Final Demonstration\Gobal Warming Simulation Project File\Gobal Warming\bgi.vcxproj" (Build target(s)).

Build succeeded.

Time Elapsed 00:00:34.31
