D:\ICAT COLLEGE\L4 IPG(HITESH SATHAWANE)\FINAL DEMONSTRATION\SIMULATION FILE\BGI\RELEASE\WINTHREAD.OBJ
D:\ICAT COLLEGE\L4 IPG(HITESH SATHAWANE)\FINAL DEMONSTRATION\SIMULATION FILE\BGI\RELEASE\WINBGI.OBJ
D:\ICAT COLLEGE\L4 IPG(HITESH SATHAWANE)\FINAL DEMONSTRATION\SIMULATION FILE\BGI\RELEASE\TEXT.OBJ
D:\ICAT COLLEGE\L4 IPG(HITESH SATHAWANE)\FINAL DEMONSTRATION\SIMULATION FILE\BGI\RELEASE\PALETTE.OBJ
D:\ICAT COLLEGE\L4 IPG(HITESH SATHAWANE)\FINAL DEMONSTRATION\SIMULATION FILE\BGI\RELEASE\MOUSE.OBJ
D:\ICAT COLLEGE\L4 IPG(HITESH SATHAWANE)\FINAL DEMONSTRATION\SIMULATION FILE\BGI\RELEASE\MISC.OBJ
D:\ICAT COLLEGE\L4 IPG(HITESH SATHAWANE)\FINAL DEMONSTRATION\SIMULATION FILE\BGI\RELEASE\MAIN.OBJ
D:\ICAT COLLEGE\L4 IPG(HITESH SATHAWANE)\FINAL DEMONSTRATION\SIMULATION FILE\BGI\RELEASE\FILE.OBJ
D:\ICAT COLLEGE\L4 IPG(HITESH SATHAWANE)\FINAL DEMONSTRATION\SIMULATION FILE\BGI\RELEASE\DRAWING.OBJ
D:\ICAT COLLEGE\L4 IPG(HITESH SATHAWANE)\FINAL DEMONSTRATION\SIMULATION FILE\BGI\RELEASE\DIBUTIL.OBJ
D:\ICAT COLLEGE\L4 IPG(HITESH SATHAWANE)\FINAL DEMONSTRATION\SIMULATION FILE\BGI\RELEASE\BGIOUT.OBJ
D:\ICAT COLLEGE\L4 IPG(HITESH SATHAWANE)\FINAL DEMONSTRATION\SIMULATION FILE\BGI\RELEASE\VC110.PDB
D:\ICAT COLLEGE\L4 IPG(HITESH SATHAWANE)\FINAL DEMONSTRATION\SIMULATION FILE\BGI\RELEASE\GLOBAL WARMING.EXE
D:\ICAT COLLEGE\L4 IPG(HITESH SATHAWANE)\FINAL DEMONSTRATION\SIMULATION FILE\BGI\RELEASE\GLOBAL WARMING.PDB
H:\ICAT college\L4 IPG(Hitesh Sathawane)\3. Final Demonstration\Gobal Warming Simulation Project File\Gobal Warming\Release\bgiout.obj
H:\ICAT college\L4 IPG(Hitesh Sathawane)\3. Final Demonstration\Gobal Warming Simulation Project File\Gobal Warming\Release\dibutil.obj
H:\ICAT college\L4 IPG(Hitesh Sathawane)\3. Final Demonstration\Gobal Warming Simulation Project File\Gobal Warming\Release\drawing.obj
H:\ICAT college\L4 IPG(Hitesh Sathawane)\3. Final Demonstration\Gobal Warming Simulation Project File\Gobal Warming\Release\file.obj
H:\ICAT college\L4 IPG(Hitesh Sathawane)\3. Final Demonstration\Gobal Warming Simulation Project File\Gobal Warming\Release\main.obj
H:\ICAT college\L4 IPG(Hitesh Sathawane)\3. Final Demonstration\Gobal Warming Simulation Project File\Gobal Warming\Release\misc.obj
H:\ICAT college\L4 IPG(Hitesh Sathawane)\3. Final Demonstration\Gobal Warming Simulation Project File\Gobal Warming\Release\mouse.obj
H:\ICAT college\L4 IPG(Hitesh Sathawane)\3. Final Demonstration\Gobal Warming Simulation Project File\Gobal Warming\Release\palette.obj
H:\ICAT college\L4 IPG(Hitesh Sathawane)\3. Final Demonstration\Gobal Warming Simulation Project File\Gobal Warming\Release\text.obj
H:\ICAT college\L4 IPG(Hitesh Sathawane)\3. Final Demonstration\Gobal Warming Simulation Project File\Gobal Warming\Release\winbgi.obj
H:\ICAT college\L4 IPG(Hitesh Sathawane)\3. Final Demonstration\Gobal Warming Simulation Project File\Gobal Warming\Release\winthread.obj
H:\ICAT college\L4 IPG(Hitesh Sathawane)\3. Final Demonstration\Gobal Warming Simulation Project File\Gobal Warming\Release\cl.command.1.tlog
H:\ICAT college\L4 IPG(Hitesh Sathawane)\3. Final Demonstration\Gobal Warming Simulation Project File\Gobal Warming\Release\CL.read.1.tlog
H:\ICAT college\L4 IPG(Hitesh Sathawane)\3. Final Demonstration\Gobal Warming Simulation Project File\Gobal Warming\Release\CL.write.1.tlog
H:\ICAT college\L4 IPG(Hitesh Sathawane)\3. Final Demonstration\Gobal Warming Simulation Project File\Gobal Warming\Release\link-cvtres.read.1.tlog
H:\ICAT college\L4 IPG(Hitesh Sathawane)\3. Final Demonstration\Gobal Warming Simulation Project File\Gobal Warming\Release\link-cvtres.write.1.tlog
H:\ICAT college\L4 IPG(Hitesh Sathawane)\3. Final Demonstration\Gobal Warming Simulation Project File\Gobal Warming\Release\link-rc.read.1.tlog
H:\ICAT college\L4 IPG(Hitesh Sathawane)\3. Final Demonstration\Gobal Warming Simulation Project File\Gobal Warming\Release\link-rc.write.1.tlog
H:\ICAT college\L4 IPG(Hitesh Sathawane)\3. Final Demonstration\Gobal Warming Simulation Project File\Gobal Warming\Release\link.command.1.tlog
H:\ICAT college\L4 IPG(Hitesh Sathawane)\3. Final Demonstration\Gobal Warming Simulation Project File\Gobal Warming\Release\link.read.1.tlog
H:\ICAT college\L4 IPG(Hitesh Sathawane)\3. Final Demonstration\Gobal Warming Simulation Project File\Gobal Warming\Release\link.write.1.tlog
H:\ICAT college\L4 IPG(Hitesh Sathawane)\3. Final Demonstration\Gobal Warming Simulation Project File\Gobal Warming\Release\Global Warming.pdb
H:\ICAT college\L4 IPG(Hitesh Sathawane)\3. Final Demonstration\Gobal Warming Simulation Project File\Gobal Warming\Release\vc110.pdb
H:\ICAT college\L4 IPG(Hitesh Sathawane)\3. Final Demonstration\Gobal Warming Simulation Project File\Gobal Warming\Release\Global Warming.exe
